<?xml version="1.0" encoding="UTF-8"?>
<!-- Generated by org.testng.reporters.JUnitReportReporter -->
<testsuite hostname="user-310" failures="0" tests="1" name="tests.LoginTest" time="13.503" errors="0" timestamp="2025-09-19T15:57:40 IST" skipped="0">
  <testcase classname="tests.LoginTest" name="Login" time="13.503"/>
</testsuite> <!-- tests.LoginTest -->
