<?xml version="1.0" encoding="UTF-8"?>
<!-- Generated by org.testng.reporters.JUnitReportReporter -->
<testsuite hostname="user-310" failures="0" tests="1" name="tests.LoginTest" time="11.478" errors="0" timestamp="2025-09-19T14:38:10 IST" skipped="0">
  <testcase classname="tests.LoginTest" name="Login" time="11.478"/>
</testsuite> <!-- tests.LoginTest -->
